<?xml version="1.0" encoding="UTF-8"?>
<!-- Generated by org.testng.reporters.JUnitReportReporter -->
<testsuite skipped="0" hostname="Karans-MacBook-Pro.local" name="GoogleTest" tests="3" failures="0" timestamp="09 Jun 2020 05:38:00 GMT" time="11.064" errors="0">
  <testcase name="verifyTitle" time="2.186" classname="GoogleTest"/>
  <testcase name="verifySearchedLanguageOptions" time="6.300" classname="GoogleTest"/>
  <testcase name="verifyTitle" time="2.578" classname="GoogleTest"/>
</testsuite> <!-- GoogleTest -->
