<?xml version="1.0" encoding="UTF-8"?>
<!-- Generated by org.testng.reporters.JUnitReportReporter -->
<testsuite skipped="0" hostname="Karans-MacBook-Pro.local" name="GoogleTest" tests="3" failures="0" timestamp="08 Jun 2020 09:21:43 GMT" time="6.298" errors="0">
  <testcase name="verifySearchedLanguageOptions" time="2.112" classname="GoogleTest"/>
  <testcase name="verifyTitle" time="1.881" classname="GoogleTest"/>
  <testcase name="verifyTitle" time="2.305" classname="GoogleTest"/>
</testsuite> <!-- GoogleTest -->
