<?xml version="1.0" encoding="UTF-8"?>
<!-- Generated by org.testng.reporters.JUnitReportReporter -->
<testsuite skipped="0" hostname="Karans-MacBook-Pro.local" name="GoogleTest" tests="2" failures="0" timestamp="27 Jun 2020 08:51:41 GMT" time="4.468" errors="0">
  <testcase name="verifyTitle" time="1.918" classname="GoogleTest"/>
  <testcase name="verifyTitle" time="2.550" classname="GoogleTest"/>
</testsuite> <!-- GoogleTest -->
