<?xml version="1.0" encoding="UTF-8"?>
<!-- Generated by org.testng.reporters.JUnitReportReporter -->
<testsuite skipped="0" hostname="Karans-MacBook-Pro.local" name="GoogleTest" tests="3" failures="0" timestamp="08 Jul 2019 17:00:22 GMT" time="5.771" errors="0">
  <testcase name="verifyTitle" time="0.888" classname="GoogleTest"/>
  <testcase name="verifySearchedLanguageOptions" time="3.028" classname="GoogleTest"/>
  <testcase name="verifyTitle" time="1.855" classname="GoogleTest"/>
</testsuite> <!-- GoogleTest -->
