<?xml version="1.0" encoding="UTF-8"?>
<!-- Generated by org.testng.reporters.JUnitReportReporter -->
<testsuite skipped="0" hostname="Karans-MacBook-Pro.local" name="GoogleTest" tests="2" failures="0" timestamp="03 Jul 2019 18:41:31 GMT" time="10.464" errors="0">
  <testcase name="verifyTitle" time="7.585" classname="GoogleTest"/>
  <testcase name="verifyTitle" time="2.879" classname="GoogleTest"/>
</testsuite> <!-- GoogleTest -->
