<?xml version="1.0" encoding="UTF-8"?>
<!-- Generated by org.testng.reporters.JUnitReportReporter -->
<testsuite skipped="0" hostname="Karans-MacBook-Pro.local" name="GoogleTest" tests="2" failures="0" timestamp="03 Jul 2019 09:08:36 GMT" time="6.998" errors="0">
  <testcase name="verifyTitle" time="2.950" classname="GoogleTest"/>
  <testcase name="verifyTitle" time="4.048" classname="GoogleTest"/>
</testsuite> <!-- GoogleTest -->
