<?xml version="1.0" encoding="UTF-8"?>
<testsuite name="GoogleTest" tests="2" skipped="0" failures="0" errors="0" timestamp="2019-07-03T09:08:08" hostname="Karans-MacBook-Pro.local" time="22.044">
  <properties/>
  <testcase name="verifyTitle" classname="GoogleTest" time="2.166"/>
  <testcase name="verifyTitle" classname="GoogleTest" time="2.875"/>
  <system-out><![CDATA[]]></system-out>
  <system-err><![CDATA[SLF4J: Failed to load class "org.slf4j.impl.StaticLoggerBinder".
SLF4J: Defaulting to no-operation (NOP) logger implementation
SLF4J: See http://www.slf4j.org/codes.html#StaticLoggerBinder for further details.
Jul 03, 2019 2:38:08 PM org.openqa.selenium.remote.ProtocolHandshake createSession
INFO: Detected dialect: W3C
Jul 03, 2019 2:38:28 PM org.openqa.selenium.remote.ProtocolHandshake createSession
INFO: Detected dialect: W3C
]]></system-err>
</testsuite>
