<?xml version="1.0" encoding="UTF-8"?>
<testsuite name="GoogleTest" tests="2" skipped="0" failures="0" errors="0" timestamp="2019-07-03T18:41:14" hostname="Karans-MacBook-Pro.local" time="10.536">
  <properties/>
  <testcase name="verifyTitle" classname="GoogleTest" time="2.721"/>
  <testcase name="verifyTitle" classname="GoogleTest" time="6.904"/>
  <system-out><![CDATA[]]></system-out>
  <system-err><![CDATA[2019-07-04 00:11:16.786 plugin-container[20893:661494] *** CFMessagePort: bootstrap_register(): failed 1100 (0x44c) 'Permission denied', port = 0x7607, name = 'com.apple.tsm.portname'
See /usr/include/servers/bootstrap_defs.h for the error codes.
2019-07-04 00:11:16.880 plugin-container[20893:661494] unable to obtain configuration from file:///Library/Preferences/com.apple.ViewBridge.plist due to Error Domain=NSCocoaErrorDomain Code=257 "The file “com.apple.ViewBridge.plist” couldn’t be opened because you don’t have permission to view it." UserInfo={NSFilePath=/Library/Preferences/com.apple.ViewBridge.plist, NSUnderlyingError=0x110d47040 {Error Domain=NSPOSIXErrorDomain Code=1 "Operation not permitted"}}
2019-07-04 00:11:16.897 plugin-container[20893:661496] +[NSXPCSharedListener endpointForReply:withListenerName:]: an error occurred while attempting to obtain endpoint for listener 'ClientCallsAuxiliary': Connection invalid
2019-07-04 00:11:17.228 plugin-container[20894:661526] *** CFMessagePort: bootstrap_register(): failed 1100 (0x44c) 'Permission denied', port = 0x7737, name = 'com.apple.tsm.portname'
See /usr/include/servers/bootstrap_defs.h for the error codes.
2019-07-04 00:11:17.280 plugin-container[20894:661526] unable to obtain configuration from file:///Library/Preferences/com.apple.ViewBridge.plist due to Error Domain=NSCocoaErrorDomain Code=257 "The file “com.apple.ViewBridge.plist” couldn’t be opened because you don’t have permission to view it." UserInfo={NSFilePath=/Library/Preferences/com.apple.ViewBridge.plist, NSUnderlyingError=0x1054ea040 {Error Domain=NSPOSIXErrorDomain Code=1 "Operation not permitted"}}
2019-07-04 00:11:17.289 plugin-container[20894:661529] +[NSXPCSharedListener endpointForReply:withListenerName:]: an error occurred while attempting to obtain endpoint for listener 'ClientCallsAuxiliary': Connection invalid
1562179278522	Marionette	DEBUG	[4294967297] Received DOM event beforeunload for about:blank
2019-07-04 00:11:18.789 plugin-container[20895:661647] *** CFMessagePort: bootstrap_register(): failed 1100 (0x44c) 'Permission denied', port = 0x8743, name = 'com.apple.tsm.portname'
See /usr/include/servers/bootstrap_defs.h for the error codes.
2019-07-04 00:11:18.814 plugin-container[20895:661647] unable to obtain configuration from file:///Library/Preferences/com.apple.ViewBridge.plist due to Error Domain=NSCocoaErrorDomain Code=257 "The file “com.apple.ViewBridge.plist” couldn’t be opened because you don’t have permission to view it." UserInfo={NSFilePath=/Library/Preferences/com.apple.ViewBridge.plist, NSUnderlyingError=0x10e0e5dc0 {Error Domain=NSPOSIXErrorDomain Code=1 "Operation not permitted"}}
2019-07-04 00:11:18.822 plugin-container[20895:661650] +[NSXPCSharedListener endpointForReply:withListenerName:]: an error occurred while attempting to obtain endpoint for listener 'ClientCallsAuxiliary': Connection invalid
1562179280189	Marionette	DEBUG	[4294967297] Received DOM event pagehide for about:blank
1562179281007	Marionette	DEBUG	[4294967297] Received DOM event DOMContentLoaded for https://www.google.com/?gws_rd=ssl
]]></system-err>
</testsuite>
